This file contains any messages produced by compilers while
running configure, to aid debugging if configure makes a mistake.

It was created by configure, which was
generated by GNU Autoconf 2.63.  Invocation command line was

  $ /direct/phenix+u/workarea/danielj/cvs_code/offline/analysis/danielj/run13_analysis/utility/cross_check/events_comparison/configure --prefix=/direct/phenix+u/workarea/danielj/cvs_code/offline/analysis/danielj/run13_analysis/utility/cross_check/events_comparison/install

## --------- ##
## Platform. ##
## --------- ##

hostname = rcas2066.rcf.bnl.gov
uname -m = x86_64
uname -r = 2.6.32-358.18.1.el6.x86_64
uname -s = Linux
uname -v = #1 SMP Tue Aug 27 14:23:09 CDT 2013

/usr/bin/uname -p = unknown
/bin/uname -X     = unknown

/bin/arch              = x86_64
/usr/bin/arch -k       = unknown
/usr/convex/getsysinfo = unknown
/usr/bin/hostinfo      = unknown
/bin/machine           = unknown
/usr/bin/oslevel       = unknown
/bin/universe          = unknown

PATH: /afs/rhic.bnl.gov/x8664_sl6/opt/phenix/geant4.9.5.p01/bin
PATH: .
PATH: /opt/phenix/bin
PATH: /usr/local/bin
PATH: /bin
PATH: /usr/afsws/bin
PATH: /usr/bin
PATH: /usr/kerberos/bin
PATH: /usr/X11R6/bin
PATH: /afs/rhic.bnl.gov/phenix/PHENIX_LIB/sys/x8664_sl6/pro.100/bin
PATH: /afs/rhic.bnl.gov/phenix/PHENIX_LIB/sys/x8664_sl6/pro.100/root/bin
PATH: /afs/rhic.bnl.gov/app/insure-7.4.5/bin
PATH: /afs/rhic.bnl.gov/opt/d-cache/dcap/bin
PATH: /cern/pro/bin
PATH: /afs/rhic.bnl.gov/phenix/PHENIX_LIB/sys/x8664_sl6/pro.100/geant4/bin


## ----------- ##
## Core tests. ##
## ----------- ##

configure:1914: loading site script /opt/phenix/etc/config.site
| # We compile 32bit with optimizations and debugging symbols enabled
| FFLAGS='-m32 -g -O2'
| CFLAGS="-m32 -g -O2"
| CXXFLAGS="${CFLAGS}"
| 
| # Allow LD_LIBRARY_PATH to override RPATH
| LDFLAGS='-m32 -Wl,--enable-new-dtags'
| 
configure:2070: checking for a BSD-compatible install
configure:2138: result: /usr/bin/install -c
configure:2149: checking whether build environment is sane
configure:2209: result: yes
configure:2350: checking for a thread-safe mkdir -p
configure:2389: result: /bin/mkdir -p
configure:2402: checking for gawk
configure:2418: found /bin/gawk
configure:2429: result: gawk
configure:2440: checking whether make sets $(MAKE)
configure:2462: result: yes
configure:2603: checking for CC
configure:2633: result: no
configure:2603: checking for g++
configure:2619: found /usr/bin/g++
configure:2630: result: g++
configure:2657: checking for C++ compiler version
configure:2665: g++ --version >&5
g++ (GCC) 4.4.7 20120313 (Red Hat 4.4.7-3)
Copyright (C) 2010 Free Software Foundation, Inc.
This is free software; see the source for copying conditions.  There is NO
warranty; not even for MERCHANTABILITY or FITNESS FOR A PARTICULAR PURPOSE.

configure:2669: $? = 0
configure:2676: g++ -v >&5
Using built-in specs.
Target: x86_64-redhat-linux
Configured with: ../configure --prefix=/usr --mandir=/usr/share/man --infodir=/usr/share/info --with-bugurl=http://bugzilla.redhat.com/bugzilla --enable-bootstrap --enable-shared --enable-threads=posix --enable-checking=release --with-system-zlib --enable-__cxa_atexit --disable-libunwind-exceptions --enable-gnu-unique-object --enable-languages=c,c++,objc,obj-c++,java,fortran,ada --enable-java-awt=gtk --disable-dssi --with-java-home=/usr/lib/jvm/java-1.5.0-gcj-1.5.0.0/jre --enable-libgcj-multifile --enable-java-maintainer-mode --with-ecj-jar=/usr/share/java/eclipse-ecj.jar --disable-libjava-multilib --with-ppl --with-cloog --with-tune=generic --with-arch_32=i686 --build=x86_64-redhat-linux
Thread model: posix
gcc version 4.4.7 20120313 (Red Hat 4.4.7-3) (GCC) 
configure:2680: $? = 0
configure:2687: g++ -V >&5
g++: '-V' option must have argument
configure:2691: $? = 1
configure:2714: checking for C++ compiler default output file name
configure:2736: g++ -m32 -g -O2  -m32 -Wl,--enable-new-dtags conftest.cpp  >&5
configure:2740: $? = 0
configure:2778: result: a.out
configure:2797: checking whether the C++ compiler works
configure:2807: ./a.out
configure:2811: $? = 0
configure:2830: result: yes
configure:2837: checking whether we are cross compiling
configure:2839: result: no
configure:2842: checking for suffix of executables
configure:2849: g++ -o conftest -m32 -g -O2  -m32 -Wl,--enable-new-dtags conftest.cpp  >&5
configure:2853: $? = 0
configure:2879: result: 
configure:2885: checking for suffix of object files
configure:2911: g++ -c -m32 -g -O2  conftest.cpp >&5
configure:2915: $? = 0
configure:2940: result: o
configure:2944: checking whether we are using the GNU C++ compiler
configure:2973: g++ -c -m32 -g -O2  conftest.cpp >&5
configure:2980: $? = 0
configure:2997: result: yes
configure:3006: checking whether g++ accepts -g
configure:3036: g++ -c -g  conftest.cpp >&5
configure:3043: $? = 0
configure:3144: result: yes
configure:3178: checking for style of include used by make
configure:3206: result: GNU
configure:3231: checking dependency style of g++
configure:3341: result: gcc3
configure:3418: checking build system type
configure:3436: result: x86_64-unknown-linux-gnu
configure:3458: checking host system type
configure:3473: result: x86_64-unknown-linux-gnu
configure:3543: checking for gcc
configure:3559: found /usr/bin/gcc
configure:3570: result: gcc
configure:3802: checking for C compiler version
configure:3810: gcc --version >&5
gcc (GCC) 4.4.7 20120313 (Red Hat 4.4.7-3)
Copyright (C) 2010 Free Software Foundation, Inc.
This is free software; see the source for copying conditions.  There is NO
warranty; not even for MERCHANTABILITY or FITNESS FOR A PARTICULAR PURPOSE.

configure:3814: $? = 0
configure:3821: gcc -v >&5
Using built-in specs.
Target: x86_64-redhat-linux
Configured with: ../configure --prefix=/usr --mandir=/usr/share/man --infodir=/usr/share/info --with-bugurl=http://bugzilla.redhat.com/bugzilla --enable-bootstrap --enable-shared --enable-threads=posix --enable-checking=release --with-system-zlib --enable-__cxa_atexit --disable-libunwind-exceptions --enable-gnu-unique-object --enable-languages=c,c++,objc,obj-c++,java,fortran,ada --enable-java-awt=gtk --disable-dssi --with-java-home=/usr/lib/jvm/java-1.5.0-gcj-1.5.0.0/jre --enable-libgcj-multifile --enable-java-maintainer-mode --with-ecj-jar=/usr/share/java/eclipse-ecj.jar --disable-libjava-multilib --with-ppl --with-cloog --with-tune=generic --with-arch_32=i686 --build=x86_64-redhat-linux
Thread model: posix
gcc version 4.4.7 20120313 (Red Hat 4.4.7-3) (GCC) 
configure:3825: $? = 0
configure:3832: gcc -V >&5
gcc: '-V' option must have argument
configure:3836: $? = 1
configure:3839: checking whether we are using the GNU C compiler
configure:3868: gcc -c -m32 -g -O2  conftest.c >&5
configure:3875: $? = 0
configure:3892: result: yes
configure:3901: checking whether gcc accepts -g
configure:3931: gcc -c -g  conftest.c >&5
configure:3938: $? = 0
configure:4039: result: yes
configure:4056: checking for gcc option to accept ISO C89
configure:4130: gcc  -c -m32 -g -O2  conftest.c >&5
configure:4137: $? = 0
configure:4160: result: none needed
configure:4180: checking dependency style of gcc
configure:4290: result: gcc3
configure:4305: checking for a sed that does not truncate output
configure:4371: result: /bin/sed
configure:4389: checking for grep that handles long lines and -e
configure:4449: result: /bin/grep
configure:4454: checking for egrep
configure:4518: result: /bin/grep -E
configure:4523: checking for fgrep
configure:4587: result: /bin/grep -F
configure:4622: checking for ld used by gcc
configure:4689: result: /usr/bin/ld
configure:4698: checking if the linker (/usr/bin/ld) is GNU ld
configure:4713: result: yes
configure:4725: checking for BSD- or MS-compatible name lister (nm)
configure:4774: result: /usr/bin/nm -B
configure:4892: checking the name lister (/usr/bin/nm -B) interface
configure:4899: gcc -c -m32 -g -O2  conftest.c >&5
configure:4902: /usr/bin/nm -B "conftest.o"
configure:4905: output
00000000 B some_variable
configure:4912: result: BSD nm
configure:4915: checking whether ln -s works
configure:4919: result: yes
configure:4927: checking the maximum length of command line arguments
configure:5047: result: 1966080
configure:5064: checking whether the shell understands some XSI constructs
configure:5074: result: yes
configure:5078: checking whether the shell understands "+="
configure:5084: result: yes
configure:5119: checking for /usr/bin/ld option to reload object files
configure:5126: result: -r
configure:5195: checking for objdump
configure:5211: found /usr/bin/objdump
configure:5222: result: objdump
configure:5254: checking how to recognize dependent libraries
configure:5450: result: pass_all
configure:5510: checking for ar
configure:5526: found /usr/bin/ar
configure:5537: result: ar
configure:5615: checking for strip
configure:5631: found /usr/bin/strip
configure:5642: result: strip
configure:5714: checking for ranlib
configure:5730: found /usr/bin/ranlib
configure:5741: result: ranlib
configure:5831: checking command to parse /usr/bin/nm -B output from gcc object
configure:5949: gcc -c -m32 -g -O2  conftest.c >&5
configure:5952: $? = 0
configure:5956: /usr/bin/nm -B conftest.o \| sed -n -e 's/^.*[	 ]\([ABCDGIRSTW][ABCDGIRSTW]*\)[	 ][	 ]*\([_A-Za-z][_A-Za-z0-9]*\)$/\1 \2 \2/p' \> conftest.nm
configure:5959: $? = 0
configure:6013: gcc -o conftest -m32 -g -O2  -m32 -Wl,--enable-new-dtags conftest.c conftstm.o >&5
configure:6016: $? = 0
configure:6054: result: ok
configure:6150: gcc -c -m32 -g -O2  conftest.c >&5
configure:6153: $? = 0
configure:6921: checking how to run the C preprocessor
configure:6961: gcc -E  conftest.c
configure:6968: $? = 0
configure:6999: gcc -E  conftest.c
conftest.c:10:28: error: ac_nonexistent.h: No such file or directory
configure:7006: $? = 1
configure: failed program was:
| /* confdefs.h.  */
| #define PACKAGE_NAME ""
| #define PACKAGE_TARNAME ""
| #define PACKAGE_VERSION ""
| #define PACKAGE_STRING ""
| #define PACKAGE_BUGREPORT ""
| #define PACKAGE "packagename"
| #define VERSION "1.00"
| /* end confdefs.h.  */
| #include <ac_nonexistent.h>
configure:7039: result: gcc -E
configure:7068: gcc -E  conftest.c
configure:7075: $? = 0
configure:7106: gcc -E  conftest.c
conftest.c:10:28: error: ac_nonexistent.h: No such file or directory
configure:7113: $? = 1
configure: failed program was:
| /* confdefs.h.  */
| #define PACKAGE_NAME ""
| #define PACKAGE_TARNAME ""
| #define PACKAGE_VERSION ""
| #define PACKAGE_STRING ""
| #define PACKAGE_BUGREPORT ""
| #define PACKAGE "packagename"
| #define VERSION "1.00"
| /* end confdefs.h.  */
| #include <ac_nonexistent.h>
configure:7153: checking for ANSI C header files
configure:7183: gcc -c -m32 -g -O2  conftest.c >&5
configure:7190: $? = 0
configure:7289: gcc -o conftest -m32 -g -O2  -m32 -Wl,--enable-new-dtags conftest.c  >&5
configure:7293: $? = 0
configure:7299: ./conftest
configure:7303: $? = 0
configure:7321: result: yes
configure:7345: checking for sys/types.h
configure:7366: gcc -c -m32 -g -O2  conftest.c >&5
configure:7373: $? = 0
configure:7390: result: yes
configure:7345: checking for sys/stat.h
configure:7366: gcc -c -m32 -g -O2  conftest.c >&5
configure:7373: $? = 0
configure:7390: result: yes
configure:7345: checking for stdlib.h
configure:7366: gcc -c -m32 -g -O2  conftest.c >&5
configure:7373: $? = 0
configure:7390: result: yes
configure:7345: checking for string.h
configure:7366: gcc -c -m32 -g -O2  conftest.c >&5
configure:7373: $? = 0
configure:7390: result: yes
configure:7345: checking for memory.h
configure:7366: gcc -c -m32 -g -O2  conftest.c >&5
configure:7373: $? = 0
configure:7390: result: yes
configure:7345: checking for strings.h
configure:7366: gcc -c -m32 -g -O2  conftest.c >&5
configure:7373: $? = 0
configure:7390: result: yes
configure:7345: checking for inttypes.h
configure:7366: gcc -c -m32 -g -O2  conftest.c >&5
configure:7373: $? = 0
configure:7390: result: yes
configure:7345: checking for stdint.h
configure:7366: gcc -c -m32 -g -O2  conftest.c >&5
configure:7373: $? = 0
configure:7390: result: yes
configure:7345: checking for unistd.h
configure:7366: gcc -c -m32 -g -O2  conftest.c >&5
configure:7373: $? = 0
configure:7390: result: yes
configure:7408: checking for dlfcn.h
configure:7429: gcc -c -m32 -g -O2  conftest.c >&5
configure:7436: $? = 0
configure:7453: result: yes
configure:7580: checking for C++ compiler version
configure:7588: g++ --version >&5
g++ (GCC) 4.4.7 20120313 (Red Hat 4.4.7-3)
Copyright (C) 2010 Free Software Foundation, Inc.
This is free software; see the source for copying conditions.  There is NO
warranty; not even for MERCHANTABILITY or FITNESS FOR A PARTICULAR PURPOSE.

configure:7592: $? = 0
configure:7599: g++ -v >&5
Using built-in specs.
Target: x86_64-redhat-linux
Configured with: ../configure --prefix=/usr --mandir=/usr/share/man --infodir=/usr/share/info --with-bugurl=http://bugzilla.redhat.com/bugzilla --enable-bootstrap --enable-shared --enable-threads=posix --enable-checking=release --with-system-zlib --enable-__cxa_atexit --disable-libunwind-exceptions --enable-gnu-unique-object --enable-languages=c,c++,objc,obj-c++,java,fortran,ada --enable-java-awt=gtk --disable-dssi --with-java-home=/usr/lib/jvm/java-1.5.0-gcj-1.5.0.0/jre --enable-libgcj-multifile --enable-java-maintainer-mode --with-ecj-jar=/usr/share/java/eclipse-ecj.jar --disable-libjava-multilib --with-ppl --with-cloog --with-tune=generic --with-arch_32=i686 --build=x86_64-redhat-linux
Thread model: posix
gcc version 4.4.7 20120313 (Red Hat 4.4.7-3) (GCC) 
configure:7603: $? = 0
configure:7610: g++ -V >&5
g++: '-V' option must have argument
configure:7614: $? = 1
configure:7617: checking whether we are using the GNU C++ compiler
configure:7670: result: yes
configure:7679: checking whether g++ accepts -g
configure:7817: result: yes
configure:7842: checking dependency style of g++
configure:7952: result: gcc3
configure:7975: checking how to run the C++ preprocessor
configure:8011: g++ -E  conftest.cpp
configure:8018: $? = 0
configure:8049: g++ -E  conftest.cpp
conftest.cpp:21:28: error: ac_nonexistent.h: No such file or directory
configure:8056: $? = 1
configure: failed program was:
| /* confdefs.h.  */
| #define PACKAGE_NAME ""
| #define PACKAGE_TARNAME ""
| #define PACKAGE_VERSION ""
| #define PACKAGE_STRING ""
| #define PACKAGE_BUGREPORT ""
| #define PACKAGE "packagename"
| #define VERSION "1.00"
| #define STDC_HEADERS 1
| #define HAVE_SYS_TYPES_H 1
| #define HAVE_SYS_STAT_H 1
| #define HAVE_STDLIB_H 1
| #define HAVE_STRING_H 1
| #define HAVE_MEMORY_H 1
| #define HAVE_STRINGS_H 1
| #define HAVE_INTTYPES_H 1
| #define HAVE_STDINT_H 1
| #define HAVE_UNISTD_H 1
| #define HAVE_DLFCN_H 1
| /* end confdefs.h.  */
| #include <ac_nonexistent.h>
configure:8089: result: g++ -E
configure:8118: g++ -E  conftest.cpp
configure:8125: $? = 0
configure:8156: g++ -E  conftest.cpp
conftest.cpp:21:28: error: ac_nonexistent.h: No such file or directory
configure:8163: $? = 1
configure: failed program was:
| /* confdefs.h.  */
| #define PACKAGE_NAME ""
| #define PACKAGE_TARNAME ""
| #define PACKAGE_VERSION ""
| #define PACKAGE_STRING ""
| #define PACKAGE_BUGREPORT ""
| #define PACKAGE "packagename"
| #define VERSION "1.00"
| #define STDC_HEADERS 1
| #define HAVE_SYS_TYPES_H 1
| #define HAVE_SYS_STAT_H 1
| #define HAVE_STDLIB_H 1
| #define HAVE_STRING_H 1
| #define HAVE_MEMORY_H 1
| #define HAVE_STRINGS_H 1
| #define HAVE_INTTYPES_H 1
| #define HAVE_STDINT_H 1
| #define HAVE_UNISTD_H 1
| #define HAVE_DLFCN_H 1
| /* end confdefs.h.  */
| #include <ac_nonexistent.h>
configure:8347: checking for objdir
configure:8362: result: .libs
configure:8654: checking if gcc supports -fno-rtti -fno-exceptions
configure:8672: gcc -c -m32 -g -O2  -fno-rtti -fno-exceptions conftest.c >&5
cc1: warning: command line option "-fno-rtti" is valid for C++/ObjC++ but not for C
configure:8676: $? = 0
configure:8689: result: no
configure:8709: checking for gcc option to produce PIC
configure:8981: result: -fPIC -DPIC
configure:8993: checking if gcc PIC flag -fPIC -DPIC works
configure:9011: gcc -c -m32 -g -O2  -fPIC -DPIC -DPIC conftest.c >&5
configure:9015: $? = 0
configure:9028: result: yes
configure:9052: checking if gcc static flag -static works
configure:9080: result: no
configure:9095: checking if gcc supports -c -o file.o
configure:9116: gcc -c -m32 -g -O2  -o out/conftest2.o conftest.c >&5
configure:9120: $? = 0
configure:9142: result: yes
configure:9150: checking if gcc supports -c -o file.o
configure:9197: result: yes
configure:9230: checking whether the gcc linker (/usr/bin/ld -m elf_i386) supports shared libraries
configure:10304: result: yes
configure:10341: checking whether -lc should be explicitly linked in
configure:10346: gcc -c -m32 -g -O2  conftest.c >&5
configure:10349: $? = 0
configure:10364: gcc -shared conftest.o  -v -Wl,-soname -Wl,conftest -o conftest 2\>\&1 \| /bin/grep  -lc  \>/dev/null 2\>\&1
configure:10367: $? = 0
configure:10379: result: no
configure:10543: checking dynamic linker characteristics
configure:10986: gcc -o conftest -m32 -g -O2  -m32 -Wl,--enable-new-dtags -Wl,-rpath -Wl,/foo conftest.c  >&5
configure:10993: $? = 0
configure:11229: result: GNU/Linux ld.so
configure:11331: checking how to hardcode library paths into programs
configure:11356: result: immediate
configure:12189: checking whether stripping libraries is possible
configure:12194: result: yes
configure:12229: checking if libtool supports shared libraries
configure:12231: result: yes
configure:12234: checking whether to build shared libraries
configure:12255: result: yes
configure:12258: checking whether to build static libraries
configure:12262: result: no
configure:12412: checking for ld used by g++
configure:12479: result: /usr/bin/ld -m elf_i386
configure:12488: checking if the linker (/usr/bin/ld -m elf_i386) is GNU ld
configure:12503: result: yes
configure:12558: checking whether the g++ linker (/usr/bin/ld -m elf_i386) supports shared libraries
configure:13533: result: yes
configure:13561: g++ -c -m32 -g -O2  conftest.cpp >&5
configure:13564: $? = 0
configure:13746: checking for g++ option to produce PIC
configure:14063: result: -fPIC -DPIC
configure:14072: checking if g++ PIC flag -fPIC -DPIC works
configure:14090: g++ -c -m32 -g -O2  -fPIC -DPIC -DPIC conftest.cpp >&5
configure:14094: $? = 0
configure:14107: result: yes
configure:14128: checking if g++ static flag -static works
configure:14156: result: no
configure:14168: checking if g++ supports -c -o file.o
configure:14189: g++ -c -m32 -g -O2  -o out/conftest2.o conftest.cpp >&5
configure:14193: $? = 0
configure:14215: result: yes
configure:14220: checking if g++ supports -c -o file.o
configure:14267: result: yes
configure:14297: checking whether the g++ linker (/usr/bin/ld -m elf_i386) supports shared libraries
configure:14323: result: yes
configure:14460: checking dynamic linker characteristics
configure:14851: g++ -o conftest -m32 -g -O2  -m32 -Wl,--enable-new-dtags -Wl,-rpath -Wl,/foo conftest.cpp  >&5
configure:14858: $? = 0
configure:15094: result: GNU/Linux ld.so
configure:15145: checking how to hardcode library paths into programs
configure:15170: result: immediate
configure:15405: creating ./config.status

## ---------------------- ##
## Running config.status. ##
## ---------------------- ##

This file was extended by config.status, which was
generated by GNU Autoconf 2.63.  Invocation command line was

  CONFIG_FILES    = 
  CONFIG_HEADERS  = 
  CONFIG_LINKS    = 
  CONFIG_COMMANDS = 
  $ ./config.status 

on rcas2066.rcf.bnl.gov

config.status:970: creating Makefile
config.status:1174: executing depfiles commands
config.status:1174: executing libtool commands

## ---------------- ##
## Cache variables. ##
## ---------------- ##

ac_cv_build=x86_64-unknown-linux-gnu
ac_cv_c_compiler_gnu=yes
ac_cv_cxx_compiler_gnu=yes
ac_cv_env_CCC_set=
ac_cv_env_CCC_value=
ac_cv_env_CC_set=
ac_cv_env_CC_value=
ac_cv_env_CFLAGS_set=
ac_cv_env_CFLAGS_value=
ac_cv_env_CPPFLAGS_set=
ac_cv_env_CPPFLAGS_value=
ac_cv_env_CPP_set=
ac_cv_env_CPP_value=
ac_cv_env_CXXCPP_set=
ac_cv_env_CXXCPP_value=
ac_cv_env_CXXFLAGS_set=
ac_cv_env_CXXFLAGS_value=
ac_cv_env_CXX_set=
ac_cv_env_CXX_value=
ac_cv_env_LDFLAGS_set=
ac_cv_env_LDFLAGS_value=
ac_cv_env_LIBS_set=
ac_cv_env_LIBS_value=
ac_cv_env_build_alias_set=
ac_cv_env_build_alias_value=
ac_cv_env_host_alias_set=
ac_cv_env_host_alias_value=
ac_cv_env_target_alias_set=
ac_cv_env_target_alias_value=
ac_cv_header_dlfcn_h=yes
ac_cv_header_inttypes_h=yes
ac_cv_header_memory_h=yes
ac_cv_header_stdc=yes
ac_cv_header_stdint_h=yes
ac_cv_header_stdlib_h=yes
ac_cv_header_string_h=yes
ac_cv_header_strings_h=yes
ac_cv_header_sys_stat_h=yes
ac_cv_header_sys_types_h=yes
ac_cv_header_unistd_h=yes
ac_cv_host=x86_64-unknown-linux-gnu
ac_cv_objext=o
ac_cv_path_EGREP='/bin/grep -E'
ac_cv_path_FGREP='/bin/grep -F'
ac_cv_path_GREP=/bin/grep
ac_cv_path_SED=/bin/sed
ac_cv_path_install='/usr/bin/install -c'
ac_cv_path_mkdir=/bin/mkdir
ac_cv_prog_AWK=gawk
ac_cv_prog_CPP='gcc -E'
ac_cv_prog_CXXCPP='g++ -E'
ac_cv_prog_ac_ct_AR=ar
ac_cv_prog_ac_ct_CC=gcc
ac_cv_prog_ac_ct_CXX=g++
ac_cv_prog_ac_ct_OBJDUMP=objdump
ac_cv_prog_ac_ct_RANLIB=ranlib
ac_cv_prog_ac_ct_STRIP=strip
ac_cv_prog_cc_c89=
ac_cv_prog_cc_g=yes
ac_cv_prog_cxx_g=yes
ac_cv_prog_make_make_set=yes
am_cv_CC_dependencies_compiler_type=gcc3
am_cv_CXX_dependencies_compiler_type=gcc3
lt_cv_deplibs_check_method=pass_all
lt_cv_file_magic_cmd='$MAGIC_CMD'
lt_cv_file_magic_test_file=
lt_cv_ld_reload_flag=-r
lt_cv_nm_interface='BSD nm'
lt_cv_objdir=.libs
lt_cv_path_LD=/usr/bin/ld
lt_cv_path_LDCXX='/usr/bin/ld -m elf_i386'
lt_cv_path_NM='/usr/bin/nm -B'
lt_cv_prog_compiler_c_o=yes
lt_cv_prog_compiler_c_o_CXX=yes
lt_cv_prog_compiler_pic_works=yes
lt_cv_prog_compiler_pic_works_CXX=yes
lt_cv_prog_compiler_rtti_exceptions=no
lt_cv_prog_compiler_static_works=no
lt_cv_prog_compiler_static_works_CXX=no
lt_cv_prog_gnu_ld=yes
lt_cv_prog_gnu_ldcxx=yes
lt_cv_sys_global_symbol_pipe='sed -n -e '\''s/^.*[	 ]\([ABCDGIRSTW][ABCDGIRSTW]*\)[	 ][	 ]*\([_A-Za-z][_A-Za-z0-9]*\)$/\1 \2 \2/p'\'''
lt_cv_sys_global_symbol_to_c_name_address='sed -n -e '\''s/^: \([^ ]*\) $/  {\"\1\", (void *) 0},/p'\'' -e '\''s/^[ABCDGIRSTW]* \([^ ]*\) \([^ ]*\)$/  {"\2", (void *) \&\2},/p'\'''
lt_cv_sys_global_symbol_to_c_name_address_lib_prefix='sed -n -e '\''s/^: \([^ ]*\) $/  {\"\1\", (void *) 0},/p'\'' -e '\''s/^[ABCDGIRSTW]* \([^ ]*\) \(lib[^ ]*\)$/  {"\2", (void *) \&\2},/p'\'' -e '\''s/^[ABCDGIRSTW]* \([^ ]*\) \([^ ]*\)$/  {"lib\2", (void *) \&\2},/p'\'''
lt_cv_sys_global_symbol_to_cdecl='sed -n -e '\''s/^T .* \(.*\)$/extern int \1();/p'\'' -e '\''s/^[ABCDGIRSTW]* .* \(.*\)$/extern char \1;/p'\'''
lt_cv_sys_max_cmd_len=1966080

## ----------------- ##
## Output variables. ##
## ----------------- ##

ACLOCAL='${SHELL} /direct/phenix+u/workarea/danielj/cvs_code/offline/analysis/danielj/run13_analysis/utility/cross_check/events_comparison/missing --run aclocal-1.11'
AMDEPBACKSLASH='\'
AMDEP_FALSE='#'
AMDEP_TRUE=''
AMTAR='${SHELL} /direct/phenix+u/workarea/danielj/cvs_code/offline/analysis/danielj/run13_analysis/utility/cross_check/events_comparison/missing --run tar'
AR='ar'
AUTOCONF='${SHELL} /direct/phenix+u/workarea/danielj/cvs_code/offline/analysis/danielj/run13_analysis/utility/cross_check/events_comparison/missing --run autoconf'
AUTOHEADER='${SHELL} /direct/phenix+u/workarea/danielj/cvs_code/offline/analysis/danielj/run13_analysis/utility/cross_check/events_comparison/missing --run autoheader'
AUTOMAKE='${SHELL} /direct/phenix+u/workarea/danielj/cvs_code/offline/analysis/danielj/run13_analysis/utility/cross_check/events_comparison/missing --run automake-1.11'
AWK='gawk'
CC='gcc'
CCDEPMODE='depmode=gcc3'
CFLAGS='-m32 -g -O2'
CPP='gcc -E'
CPPFLAGS=''
CXX='g++'
CXXCPP='g++ -E'
CXXDEPMODE='depmode=gcc3'
CXXFLAGS='-m32 -g -O2'
CYGPATH_W='echo'
DEFS='-DPACKAGE_NAME=\"\" -DPACKAGE_TARNAME=\"\" -DPACKAGE_VERSION=\"\" -DPACKAGE_STRING=\"\" -DPACKAGE_BUGREPORT=\"\" -DPACKAGE=\"packagename\" -DVERSION=\"1.00\" -DSTDC_HEADERS=1 -DHAVE_SYS_TYPES_H=1 -DHAVE_SYS_STAT_H=1 -DHAVE_STDLIB_H=1 -DHAVE_STRING_H=1 -DHAVE_MEMORY_H=1 -DHAVE_STRINGS_H=1 -DHAVE_INTTYPES_H=1 -DHAVE_STDINT_H=1 -DHAVE_UNISTD_H=1 -DHAVE_DLFCN_H=1 -DLT_OBJDIR=\".libs/\"'
DEPDIR='.deps'
DSYMUTIL=''
DUMPBIN=''
ECHO_C=''
ECHO_N='-n'
ECHO_T=''
EGREP='/bin/grep -E'
EXEEXT=''
FGREP='/bin/grep -F'
GREP='/bin/grep'
INSTALL_DATA='${INSTALL} -m 644'
INSTALL_PROGRAM='${INSTALL}'
INSTALL_SCRIPT='${INSTALL}'
INSTALL_STRIP_PROGRAM='$(install_sh) -c -s'
LD='/usr/bin/ld -m elf_i386'
LDFLAGS='-m32 -Wl,--enable-new-dtags'
LIBOBJS=''
LIBS=''
LIBTOOL='$(SHELL) $(top_builddir)/libtool'
LIPO=''
LN_S='ln -s'
LTLIBOBJS=''
MAKEINFO='${SHELL} /direct/phenix+u/workarea/danielj/cvs_code/offline/analysis/danielj/run13_analysis/utility/cross_check/events_comparison/missing --run makeinfo'
MKDIR_P='/bin/mkdir -p'
NM='/usr/bin/nm -B'
NMEDIT=''
OBJDUMP='objdump'
OBJEXT='o'
OTOOL64=''
OTOOL=''
PACKAGE='packagename'
PACKAGE_BUGREPORT=''
PACKAGE_NAME=''
PACKAGE_STRING=''
PACKAGE_TARNAME=''
PACKAGE_VERSION=''
PATH_SEPARATOR=':'
RANLIB='ranlib'
SED='/bin/sed'
SET_MAKE=''
SHELL='/bin/sh'
STRIP='strip'
VERSION='1.00'
ac_ct_CC='gcc'
ac_ct_CXX='g++'
ac_ct_DUMPBIN=''
am__EXEEXT_FALSE=''
am__EXEEXT_TRUE='#'
am__fastdepCC_FALSE='#'
am__fastdepCC_TRUE=''
am__fastdepCXX_FALSE='#'
am__fastdepCXX_TRUE=''
am__include='include'
am__isrc=' -I$(srcdir)'
am__leading_dot='.'
am__quote=''
am__tar='${AMTAR} chof - "$$tardir"'
am__untar='${AMTAR} xf -'
bindir='${exec_prefix}/bin'
build='x86_64-unknown-linux-gnu'
build_alias=''
build_cpu='x86_64'
build_os='linux-gnu'
build_vendor='unknown'
datadir='${datarootdir}'
datarootdir='${prefix}/share'
docdir='${datarootdir}/doc/${PACKAGE}'
dvidir='${docdir}'
exec_prefix='${prefix}'
host='x86_64-unknown-linux-gnu'
host_alias=''
host_cpu='x86_64'
host_os='linux-gnu'
host_vendor='unknown'
htmldir='${docdir}'
includedir='${prefix}/include'
infodir='${datarootdir}/info'
install_sh='${SHELL} /direct/phenix+u/workarea/danielj/cvs_code/offline/analysis/danielj/run13_analysis/utility/cross_check/events_comparison/install-sh'
libdir='${exec_prefix}/lib'
libexecdir='${exec_prefix}/libexec'
localedir='${datarootdir}/locale'
localstatedir='${prefix}/var'
lt_ECHO='echo'
mandir='${datarootdir}/man'
mkdir_p='/bin/mkdir -p'
oldincludedir='/usr/include'
pdfdir='${docdir}'
prefix='/direct/phenix+u/workarea/danielj/cvs_code/offline/analysis/danielj/run13_analysis/utility/cross_check/events_comparison/install'
program_transform_name='s,x,x,'
psdir='${docdir}'
sbindir='${exec_prefix}/sbin'
sharedstatedir='${prefix}/com'
sysconfdir='${prefix}/etc'
target_alias=''

## ----------- ##
## confdefs.h. ##
## ----------- ##

#define PACKAGE_NAME ""
#define PACKAGE_TARNAME ""
#define PACKAGE_VERSION ""
#define PACKAGE_STRING ""
#define PACKAGE_BUGREPORT ""
#define PACKAGE "packagename"
#define VERSION "1.00"
#define STDC_HEADERS 1
#define HAVE_SYS_TYPES_H 1
#define HAVE_SYS_STAT_H 1
#define HAVE_STDLIB_H 1
#define HAVE_STRING_H 1
#define HAVE_MEMORY_H 1
#define HAVE_STRINGS_H 1
#define HAVE_INTTYPES_H 1
#define HAVE_STDINT_H 1
#define HAVE_UNISTD_H 1
#define HAVE_DLFCN_H 1
#define LT_OBJDIR ".libs/"

configure: exit 0
